The system is: Windows - 10.0.19041 - AMD64
Compiling the C compiler identification source file "CMakeCCompilerId.c" succeeded.
Compiler: C:/Program Files (x86)/Microsoft Visual Studio/2017/Enterprise/VC/Tools/MSVC/14.16.27023/bin/Hostx86/x86/cl.exe 
Build flags: 
Id flags:  

The output was:
0
Microsoft (R) C/C++ Optimizing Compiler Version 19.16.27043 for x86
Copyright (C) Microsoft Corporation.  All rights reserved.

CMakeCCompilerId.c
Microsoft (R) Incremental Linker Version 14.16.27043.0
Copyright (C) Microsoft Corporation.  All rights reserved.

/out:CMakeCCompilerId.exe 
CMakeCCompilerId.obj 


Compilation of the C compiler identification source "CMakeCCompilerId.c" produced "CMakeCCompilerId.exe"

Compilation of the C compiler identification source "CMakeCCompilerId.c" produced "CMakeCCompilerId.obj"

The C compiler identification is MSVC, found in "C:/Users/dusan/Desktop/Projects/MonteCarlo/cmake-build-debug/CMakeFiles/3.21.1/CompilerIdC/CMakeCCompilerId.exe"

Compiling the CXX compiler identification source file "CMakeCXXCompilerId.cpp" succeeded.
Compiler: C:/Program Files (x86)/Microsoft Visual Studio/2017/Enterprise/VC/Tools/MSVC/14.16.27023/bin/Hostx86/x86/cl.exe 
Build flags: 
Id flags:  

The output was:
0
Microsoft (R) C/C++ Optimizing Compiler Version 19.16.27043 for x86
Copyright (C) Microsoft Corporation.  All rights reserved.

CMakeCXXCompilerId.cpp
Microsoft (R) Incremental Linker Version 14.16.27043.0
Copyright (C) Microsoft Corporation.  All rights reserved.

/out:CMakeCXXCompilerId.exe 
CMakeCXXCompilerId.obj 


Compilation of the CXX compiler identification source "CMakeCXXCompilerId.cpp" produced "CMakeCXXCompilerId.exe"

Compilation of the CXX compiler identification source "CMakeCXXCompilerId.cpp" produced "CMakeCXXCompilerId.obj"

The CXX compiler identification is MSVC, found in "C:/Users/dusan/Desktop/Projects/MonteCarlo/cmake-build-debug/CMakeFiles/3.21.1/CompilerIdCXX/CMakeCXXCompilerId.exe"

Detecting C compiler ABI info compiled with the following output:
Change Dir: C:/Users/dusan/Desktop/Projects/MonteCarlo/cmake-build-debug/CMakeFiles/CMakeTmp

Run Build Command(s):nmake -f Makefile /nologo cmTC_60d32\fast && 	"C:\Program Files (x86)\Microsoft Visual Studio\2017\Enterprise\VC\Tools\MSVC\14.16.27023\bin\HostX86\x86\nmake.exe"  -f CMakeFiles\cmTC_60d32.dir\build.make /nologo -L                  CMakeFiles\cmTC_60d32.dir\build
Building C object CMakeFiles/cmTC_60d32.dir/CMakeCCompilerABI.c.obj
	"C:\Program Files\JetBrains\CLion 2021.3.2\bin\cmake\win\bin\cmake.exe" -E cmake_cl_compile_depends --dep-file=CMakeFiles\cmTC_60d32.dir\CMakeCCompilerABI.c.obj.d --working-dir=C:\Users\dusan\Desktop\Projects\MonteCarlo\cmake-build-debug\CMakeFiles\CMakeTmp --filter-prefix="Note: including file: " -- C:\PROGRA~2\MICROS~2\2017\ENTERP~1\VC\Tools\MSVC\1416~1.270\bin\Hostx86\x86\cl.exe @C:\Users\dusan\AppData\Local\Temp\nmEA29.tmp
CMakeCCompilerABI.c
Linking C executable cmTC_60d32.exe
	"C:\Program Files\JetBrains\CLion 2021.3.2\bin\cmake\win\bin\cmake.exe" -E vs_link_exe --intdir=CMakeFiles\cmTC_60d32.dir --rc=C:\PROGRA~2\WI3CF2~1\10\bin\100177~1.0\x86\rc.exe --mt=C:\PROGRA~2\WI3CF2~1\10\bin\100177~1.0\x86\mt.exe --manifests -- C:\PROGRA~2\MICROS~2\2017\ENTERP~1\VC\Tools\MSVC\1416~1.270\bin\Hostx86\x86\link.exe /nologo @CMakeFiles\cmTC_60d32.dir\objects1.rsp @C:\Users\dusan\AppData\Local\Temp\nmEA97.tmp
	C:\Windows\System32\WindowsPowerShell\v1.0\powershell.exe -noprofile -executionpolicy Bypass -file C:/dev/vcpkg/scripts/buildsystems/msbuild/applocal.ps1 -targetBinary C:/Users/dusan/Desktop/Projects/MonteCarlo/cmake-build-debug/CMakeFiles/CMakeTmp/cmTC_60d32.exe -installedDir C:/dev/vcpkg/installed/x86-windows/debug/bin -OutVariable out



Detecting CXX compiler ABI info compiled with the following output:
Change Dir: C:/Users/dusan/Desktop/Projects/MonteCarlo/cmake-build-debug/CMakeFiles/CMakeTmp

Run Build Command(s):nmake -f Makefile /nologo cmTC_11d4d\fast && 	"C:\Program Files (x86)\Microsoft Visual Studio\2017\Enterprise\VC\Tools\MSVC\14.16.27023\bin\HostX86\x86\nmake.exe"  -f CMakeFiles\cmTC_11d4d.dir\build.make /nologo -L                  CMakeFiles\cmTC_11d4d.dir\build
Building CXX object CMakeFiles/cmTC_11d4d.dir/CMakeCXXCompilerABI.cpp.obj
	"C:\Program Files\JetBrains\CLion 2021.3.2\bin\cmake\win\bin\cmake.exe" -E cmake_cl_compile_depends --dep-file=CMakeFiles\cmTC_11d4d.dir\CMakeCXXCompilerABI.cpp.obj.d --working-dir=C:\Users\dusan\Desktop\Projects\MonteCarlo\cmake-build-debug\CMakeFiles\CMakeTmp --filter-prefix="Note: including file: " -- C:\PROGRA~2\MICROS~2\2017\ENTERP~1\VC\Tools\MSVC\1416~1.270\bin\Hostx86\x86\cl.exe @C:\Users\dusan\AppData\Local\Temp\nmF39E.tmp
CMakeCXXCompilerABI.cpp
Linking CXX executable cmTC_11d4d.exe
	"C:\Program Files\JetBrains\CLion 2021.3.2\bin\cmake\win\bin\cmake.exe" -E vs_link_exe --intdir=CMakeFiles\cmTC_11d4d.dir --rc=C:\PROGRA~2\WI3CF2~1\10\bin\100177~1.0\x86\rc.exe --mt=C:\PROGRA~2\WI3CF2~1\10\bin\100177~1.0\x86\mt.exe --manifests -- C:\PROGRA~2\MICROS~2\2017\ENTERP~1\VC\Tools\MSVC\1416~1.270\bin\Hostx86\x86\link.exe /nologo @CMakeFiles\cmTC_11d4d.dir\objects1.rsp @C:\Users\dusan\AppData\Local\Temp\nmF41C.tmp
	C:\Windows\System32\WindowsPowerShell\v1.0\powershell.exe -noprofile -executionpolicy Bypass -file C:/dev/vcpkg/scripts/buildsystems/msbuild/applocal.ps1 -targetBinary C:/Users/dusan/Desktop/Projects/MonteCarlo/cmake-build-debug/CMakeFiles/CMakeTmp/cmTC_11d4d.exe -installedDir C:/dev/vcpkg/installed/x86-windows/debug/bin -OutVariable out



